<?xml version="1.0" encoding="UTF-8"?>
<!-- Generated by org.testng.reporters.JUnitXMLReporter -->
<testsuite ignored="0" hostname="DESKTOP-CCHPJVH" failures="0" tests="6" name="Command line test" time="0.103" errors="0" timestamp="22 Dec 2019 21:33:20 GMT">
  <testcase classname="qaclickacademy.AppiumTest" name="IOSApps" time="0.02"/>
  <testcase classname="qaclickacademy.AppiumTest" name="NativeAppAndroid" time="0.001"/>
  <testcase classname="qaclickacademy.RESTAPITest" name="deleteTwitter" time="0.0"/>
  <testcase classname="qaclickacademy.RESTAPITest" name="postJira" time="0.0"/>
  <testcase classname="qaclickacademy.SeleniumTest" name="BrowserAutomation" time="0.001"/>
  <testcase classname="qaclickacademy.SeleniumTest" name="elementsUi" time="0.001"/>
</testsuite> <!-- Command line test -->
