<?xml version="1.0" encoding="UTF-8"?>
<testng-results ignored="0" total="6" passed="6" failed="0" skipped="0">
  <reporter-output>
  </reporter-output>
  <suite started-at="2019-12-22T21:39:01Z" name="Suite" finished-at="2019-12-22T21:39:01Z" duration-ms="43">
    <groups>
    </groups>
    <test started-at="2019-12-22T21:39:01Z" name="Test" finished-at="2019-12-22T21:39:01Z" duration-ms="43">
      <class name="qaclickacademy.AppiumTest">
        <test-method signature="IOSApps()[pri:0, instance:qaclickacademy.AppiumTest@759d26fb]" started-at="2019-12-22T15:39:01Z" name="IOSApps" finished-at="2019-12-22T15:39:01Z" duration-ms="0" status="PASS">
          <reporter-output>
          </reporter-output>
        </test-method> <!-- IOSApps -->
        <test-method signature="NativeAppAndroid()[pri:0, instance:qaclickacademy.AppiumTest@759d26fb]" started-at="2019-12-22T15:39:01Z" name="NativeAppAndroid" finished-at="2019-12-22T15:39:01Z" duration-ms="0" status="PASS">
          <reporter-output>
          </reporter-output>
        </test-method> <!-- NativeAppAndroid -->
      </class> <!-- qaclickacademy.AppiumTest -->
      <class name="qaclickacademy.RESTAPITest">
        <test-method signature="deleteTwitter()[pri:0, instance:qaclickacademy.RESTAPITest@4bb33f74]" started-at="2019-12-22T15:39:01Z" name="deleteTwitter" finished-at="2019-12-22T15:39:01Z" duration-ms="1" status="PASS">
          <reporter-output>
          </reporter-output>
        </test-method> <!-- deleteTwitter -->
        <test-method signature="postJira()[pri:0, instance:qaclickacademy.RESTAPITest@4bb33f74]" started-at="2019-12-22T15:39:01Z" name="postJira" finished-at="2019-12-22T15:39:01Z" duration-ms="0" status="PASS">
          <reporter-output>
          </reporter-output>
        </test-method> <!-- postJira -->
      </class> <!-- qaclickacademy.RESTAPITest -->
      <class name="qaclickacademy.SeleniumTest">
        <test-method signature="BrowserAutomation()[pri:0, instance:qaclickacademy.SeleniumTest@1e683a3e]" started-at="2019-12-22T15:39:01Z" name="BrowserAutomation" finished-at="2019-12-22T15:39:01Z" duration-ms="6" status="PASS">
          <reporter-output>
          </reporter-output>
        </test-method> <!-- BrowserAutomation -->
        <test-method signature="elementsUi()[pri:0, instance:qaclickacademy.SeleniumTest@1e683a3e]" started-at="2019-12-22T15:39:01Z" name="elementsUi" finished-at="2019-12-22T15:39:01Z" duration-ms="0" status="PASS">
          <reporter-output>
          </reporter-output>
        </test-method> <!-- elementsUi -->
      </class> <!-- qaclickacademy.SeleniumTest -->
    </test> <!-- Test -->
  </suite> <!-- Suite -->
</testng-results>
