<?xml version="1.0" encoding="UTF-8"?>
<testng-results ignored="0" total="4" passed="4" failed="0" skipped="0">
  <reporter-output>
  </reporter-output>
  <suite started-at="2019-12-24T11:56:54 CST" name="Suite" finished-at="2019-12-24T11:56:54 CST" duration-ms="53">
    <groups>
    </groups>
    <test started-at="2019-12-24T11:56:54 CST" name="Test" finished-at="2019-12-24T11:56:54 CST" duration-ms="53">
      <class name="qaclickacademy.RESTAPITest">
        <test-method signature="deleteTwitter()[pri:0, instance:qaclickacademy.RESTAPITest@7995092a]" started-at="2019-12-24T11:56:54 CST" name="deleteTwitter" finished-at="2019-12-24T11:56:54 CST" duration-ms="1" status="PASS">
          <reporter-output>
          </reporter-output>
        </test-method> <!-- deleteTwitter -->
        <test-method signature="postJira()[pri:0, instance:qaclickacademy.RESTAPITest@7995092a]" started-at="2019-12-24T11:56:54 CST" name="postJira" finished-at="2019-12-24T11:56:54 CST" duration-ms="1" status="PASS">
          <reporter-output>
          </reporter-output>
        </test-method> <!-- postJira -->
      </class> <!-- qaclickacademy.RESTAPITest -->
      <class name="qaclickacademy.SeleniumTest">
        <test-method signature="BrowserAutomation()[pri:0, instance:qaclickacademy.SeleniumTest@6293abcc]" started-at="2019-12-24T11:56:54 CST" name="BrowserAutomation" finished-at="2019-12-24T11:56:54 CST" duration-ms="8" status="PASS">
          <reporter-output>
          </reporter-output>
        </test-method> <!-- BrowserAutomation -->
        <test-method signature="elementsUi()[pri:0, instance:qaclickacademy.SeleniumTest@6293abcc]" started-at="2019-12-24T11:56:54 CST" name="elementsUi" finished-at="2019-12-24T11:56:54 CST" duration-ms="1" status="PASS">
          <reporter-output>
          </reporter-output>
        </test-method> <!-- elementsUi -->
      </class> <!-- qaclickacademy.SeleniumTest -->
    </test> <!-- Test -->
  </suite> <!-- Suite -->
</testng-results>
